TN:
SF:src/data/protocols/add-account-repository.ts
FN:1,(empty-report)
FNF:1
FNH:0
FNDA:0,(empty-report)
DA:1,0
DA:2,0
DA:3,0
DA:4,0
DA:5,0
DA:6,0
LF:6
LH:0
BRDA:1,0,0,0
BRF:1
BRH:0
end_of_record
TN:
SF:src/data/protocols/encrypter.ts
FN:1,(empty-report)
FNF:1
FNH:0
FNDA:0,(empty-report)
DA:1,0
DA:2,0
DA:3,0
LF:3
LH:0
BRDA:1,0,0,0
BRF:1
BRH:0
end_of_record
TN:
SF:src/data/protocols/log-error-repository.ts
FN:1,(empty-report)
FNF:1
FNH:0
FNDA:0,(empty-report)
DA:1,0
DA:2,0
DA:3,0
LF:3
LH:0
BRDA:1,0,0,0
BRF:1
BRH:0
end_of_record
TN:
SF:src/data/usecases/add-account/db-add-account-protocols.ts
FN:1,(empty-report)
FNF:1
FNH:0
FNDA:0,(empty-report)
DA:1,0
DA:2,0
DA:3,0
DA:4,0
LF:4
LH:0
BRDA:1,0,0,0
BRF:1
BRH:0
end_of_record
TN:
SF:src/data/usecases/add-account/db-add-account.ts
FN:6,DbAddAccount
FN:11,add
FNF:2
FNH:2
FNDA:5,DbAddAccount
FNDA:5,add
DA:1,1
DA:2,1
DA:3,1
DA:4,1
DA:5,1
DA:6,1
DA:7,5
DA:8,5
DA:9,5
DA:10,1
DA:11,1
DA:12,5
DA:13,4
DA:14,5
DA:15,1
DA:16,1
LF:16
LH:16
BRDA:6,0,0,5
BRDA:11,1,0,5
BRDA:13,2,0,4
BRF:3
BRH:3
end_of_record
TN:
SF:src/domain/models/account.ts
FN:1,(empty-report)
FNF:1
FNH:0
FNDA:0,(empty-report)
DA:1,0
DA:2,0
DA:3,0
DA:4,0
DA:5,0
DA:6,0
LF:6
LH:0
BRDA:1,0,0,0
BRF:1
BRH:0
end_of_record
TN:
SF:src/domain/usecases/add-account.ts
FN:1,(empty-report)
FNF:1
FNH:0
FNDA:0,(empty-report)
DA:1,0
DA:2,0
DA:3,0
DA:4,0
DA:5,0
DA:6,0
DA:7,0
DA:8,0
DA:9,0
DA:10,0
DA:11,0
LF:11
LH:0
BRDA:1,0,0,0
BRF:1
BRH:0
end_of_record
TN:
SF:src/domain/usecases/authentication.ts
FN:1,(empty-report)
FNF:1
FNH:0
FNDA:0,(empty-report)
DA:1,0
DA:2,0
DA:3,0
LF:3
LH:0
BRDA:1,0,0,0
BRF:1
BRH:0
end_of_record
TN:
SF:src/infra/criptography/bcrypt-adapter.ts
FN:5,BcryptAdapter
FN:9,encrypt
FNF:2
FNH:2
FNDA:3,BcryptAdapter
FNDA:3,encrypt
DA:1,1
DA:2,1
DA:3,1
DA:4,1
DA:5,1
DA:6,3
DA:7,3
DA:8,1
DA:9,1
DA:10,3
DA:11,2
DA:12,2
DA:13,1
LF:13
LH:13
BRDA:5,0,0,3
BRDA:9,1,0,3
BRDA:11,2,0,2
BRF:3
BRH:3
end_of_record
TN:
SF:src/infra/db/mongodb/account-repository/account.ts
FN:7,add
FNF:1
FNH:1
FNDA:1,add
DA:1,1
DA:2,1
DA:3,1
DA:4,1
DA:5,1
DA:6,1
DA:7,1
DA:8,1
DA:9,1
DA:10,1
DA:11,1
DA:12,1
LF:12
LH:12
BRDA:7,0,0,1
BRDA:10,1,0,1
BRF:2
BRH:2
end_of_record
TN:
SF:src/infra/db/mongodb/helpers/mongo-helper.ts
FN:7,connect
FN:15,disconnect
FN:20,getCollection
FN:26,map
FNF:4
FNH:4
FNDA:1,connect
FNDA:1,disconnect
FNDA:2,getCollection
FNDA:1,map
DA:1,1
DA:2,1
DA:3,1
DA:4,1
DA:5,1
DA:6,1
DA:7,1
DA:8,1
DA:9,1
DA:10,1
DA:11,1
DA:12,1
DA:13,1
DA:14,1
DA:15,1
DA:16,1
DA:17,1
DA:18,1
DA:19,1
DA:20,1
DA:21,2
DA:22,0
DA:23,0
DA:24,2
DA:25,1
DA:26,1
DA:27,1
DA:28,1
DA:29,1
DA:30,1
LF:30
LH:28
BRDA:7,0,0,1
BRDA:11,1,0,1
BRDA:15,2,0,1
BRDA:16,3,0,0
BRDA:20,4,0,2
BRDA:21,5,0,0
BRDA:26,6,0,1
BRF:7
BRH:5
end_of_record
TN:
SF:src/infra/db/mongodb/log-repository/log.ts
FN:5,logError
FNF:1
FNH:1
FNDA:1,logError
DA:1,1
DA:2,1
DA:3,1
DA:4,1
DA:5,1
DA:6,1
DA:7,1
DA:8,1
DA:9,1
DA:10,1
DA:11,1
DA:12,1
LF:12
LH:12
BRDA:5,0,0,1
BRF:1
BRH:1
end_of_record
TN:
SF:src/main/server.ts
FN:1,(empty-report)
FNF:1
FNH:0
FNDA:0,(empty-report)
DA:1,0
DA:2,0
DA:3,0
DA:4,0
DA:5,0
DA:6,0
LF:6
LH:0
BRDA:1,0,0,0
BRF:1
BRH:0
end_of_record
TN:
SF:src/main/adapters/express-route-adapter.ts
FN:3,adaptRoute
FNF:1
FNH:1
FNDA:1,adaptRoute
DA:1,1
DA:2,1
DA:3,1
DA:4,1
DA:5,1
DA:6,1
DA:7,1
DA:8,1
DA:9,1
DA:10,1
DA:11,1
DA:12,1
DA:13,0
DA:14,0
DA:15,1
LF:15
LH:13
BRDA:3,0,0,1
BRDA:4,1,0,1
BRDA:13,2,0,0
BRF:3
BRH:2
end_of_record
TN:
SF:src/main/config/app.ts
FNF:0
FNH:0
DA:1,1
DA:2,1
DA:3,1
DA:4,1
DA:5,1
DA:6,1
DA:7,1
LF:7
LH:7
BRF:0
BRH:0
end_of_record
TN:
SF:src/main/config/env.ts
FN:1,(empty-report)
FNF:1
FNH:0
FNDA:0,(empty-report)
DA:1,0
DA:2,0
DA:3,0
DA:4,0
LF:4
LH:0
BRDA:1,0,0,0
BRF:1
BRH:0
end_of_record
TN:
SF:src/main/config/middlewares.ts
FN:4,Object.<anonymous>.exports.default
FNF:1
FNH:1
FNDA:1,Object.<anonymous>.exports.default
DA:1,1
DA:2,1
DA:3,1
DA:4,1
DA:5,1
DA:6,1
DA:7,1
DA:8,1
LF:8
LH:8
BRDA:4,0,0,1
BRF:1
BRH:1
end_of_record
TN:
SF:src/main/config/routes.ts
FN:3,Object.<anonymous>.exports.default
FNF:1
FNH:1
FNDA:1,Object.<anonymous>.exports.default
DA:1,1
DA:2,1
DA:3,1
DA:4,1
DA:5,1
DA:6,1
DA:7,1
DA:8,1
DA:9,1
LF:9
LH:9
BRDA:3,0,0,1
BRDA:6,1,0,1
BRDA:7,2,0,1
BRF:3
BRH:3
end_of_record
TN:
SF:src/main/decorators/log.ts
FN:7,LogControllerDecorator
FN:12,handle
FNF:2
FNH:2
FNDA:3,LogControllerDecorator
FNDA:3,handle
DA:1,1
DA:2,1
DA:3,1
DA:4,1
DA:5,1
DA:6,1
DA:7,1
DA:8,3
DA:9,3
DA:10,3
DA:11,1
DA:12,1
DA:13,3
DA:14,3
DA:15,1
DA:16,1
DA:17,3
DA:18,3
DA:19,1
LF:19
LH:19
BRDA:7,0,0,3
BRDA:12,1,0,3
BRDA:14,2,0,1
BRF:3
BRH:3
end_of_record
TN:
SF:src/main/factories/signup-validation.ts
FN:6,makeSignupValidation
FNF:1
FNH:1
FNDA:1,makeSignupValidation
DA:1,1
DA:2,1
DA:3,1
DA:4,1
DA:5,1
DA:6,1
DA:7,1
DA:8,1
DA:9,1
DA:10,1
LF:10
LH:10
BRDA:6,0,0,1
BRDA:8,1,0,4
BRF:2
BRH:2
end_of_record
TN:
SF:src/main/factories/signup.ts
FN:12,makeSignUpController
FNF:1
FNH:1
FNDA:1,makeSignUpController
DA:1,1
DA:2,1
DA:3,1
DA:4,1
DA:5,1
DA:6,1
DA:7,1
DA:8,1
DA:9,1
DA:10,1
DA:11,1
DA:12,1
DA:13,1
DA:14,1
DA:15,1
DA:16,1
DA:17,1
DA:18,1
DA:19,1
DA:20,1
LF:20
LH:20
BRDA:12,0,0,1
BRF:1
BRH:1
end_of_record
TN:
SF:src/main/middlewares/body-parser.ts
FNF:0
FNH:0
DA:1,1
DA:2,1
LF:2
LH:2
BRF:0
BRH:0
end_of_record
TN:
SF:src/main/middlewares/content-type.ts
FN:3,contentType
FNF:1
FNH:1
FNDA:1,contentType
DA:1,1
DA:2,1
DA:3,1
DA:4,1
DA:5,1
DA:6,1
DA:7,1
LF:7
LH:7
BRDA:3,0,0,1
BRF:1
BRH:1
end_of_record
TN:
SF:src/main/middlewares/cors.ts
FN:3,cors
FNF:1
FNH:1
FNDA:1,cors
DA:1,1
DA:2,1
DA:3,1
DA:4,1
DA:5,1
DA:6,1
DA:7,1
DA:8,1
LF:8
LH:8
BRDA:3,0,0,1
BRF:1
BRH:1
end_of_record
TN:
SF:src/main/middlewares/index.ts
FNF:0
FNH:0
DA:1,1
DA:2,1
DA:3,1
LF:3
LH:3
BRF:0
BRH:0
end_of_record
TN:
SF:src/main/routes/signup-routes.ts
FN:4,Object.<anonymous>.exports.default
FNF:1
FNH:1
FNDA:1,Object.<anonymous>.exports.default
DA:1,1
DA:2,1
DA:3,1
DA:4,1
DA:5,1
DA:6,1
LF:6
LH:6
BRDA:4,0,0,1
BRF:1
BRH:1
end_of_record
TN:
SF:src/presentation/controllers/login/login-protocols.ts
FN:1,(empty-report)
FNF:1
FNH:0
FNDA:0,(empty-report)
DA:1,0
DA:2,0
DA:3,0
DA:4,0
DA:5,0
LF:5
LH:0
BRDA:1,0,0,0
BRF:1
BRH:0
end_of_record
TN:
SF:src/presentation/controllers/login/login.ts
FN:8,LoginController
FN:13,handle
FNF:2
FNH:2
FNDA:9,LoginController
FNDA:9,handle
DA:1,1
DA:2,1
DA:3,1
DA:4,1
DA:5,1
DA:6,1
DA:7,1
DA:8,1
DA:9,9
DA:10,9
DA:11,9
DA:12,1
DA:13,1
DA:14,9
DA:15,9
DA:16,9
DA:17,17
DA:18,2
DA:19,2
DA:20,17
DA:21,9
DA:22,9
DA:23,1
DA:24,1
DA:25,5
DA:26,5
DA:27,9
DA:28,1
DA:29,1
DA:30,3
DA:31,3
DA:32,3
DA:33,3
DA:34,9
DA:35,2
DA:36,2
DA:37,9
DA:38,1
LF:38
LH:38
BRDA:8,0,0,9
BRDA:13,1,0,9
BRDA:16,2,0,17
BRDA:17,3,0,2
BRDA:22,4,0,1
BRDA:25,5,0,5
BRDA:27,6,0,1
BRDA:30,7,0,3
BRDA:34,8,0,2
BRF:9
BRH:9
end_of_record
TN:
SF:src/presentation/controllers/signup/SignUp.ts
FN:10,SignUpController
FN:16,handle
FNF:2
FNH:2
FNDA:9,SignUpController
FNDA:9,handle
DA:1,1
DA:2,1
DA:3,1
DA:4,1
DA:5,1
DA:6,1
DA:7,1
DA:8,1
DA:9,1
DA:10,1
DA:11,9
DA:12,9
DA:13,9
DA:14,9
DA:15,1
DA:16,1
DA:17,9
DA:18,9
DA:19,9
DA:20,1
DA:21,1
DA:22,9
DA:23,9
DA:24,1
DA:25,1
DA:26,7
DA:27,9
DA:28,1
DA:29,1
DA:30,9
DA:31,4
DA:32,9
DA:33,2
DA:34,2
DA:35,9
DA:36,1
LF:36
LH:36
BRDA:10,0,0,9
BRDA:16,1,0,9
BRDA:19,2,0,1
BRDA:23,3,0,1
BRDA:26,4,0,7
BRDA:27,5,0,1
BRDA:31,6,0,4
BRDA:32,7,0,2
BRF:8
BRH:8
end_of_record
TN:
SF:src/presentation/controllers/signup/signup-protocols.ts
FN:1,(empty-report)
FNF:1
FNH:0
FNDA:0,(empty-report)
DA:1,0
DA:2,0
DA:3,0
DA:4,0
DA:5,0
LF:5
LH:0
BRDA:1,0,0,0
BRF:1
BRH:0
end_of_record
TN:
SF:src/presentation/errors/index.ts
FNF:0
FNH:0
DA:1,1
DA:2,1
DA:3,1
DA:4,1
LF:4
LH:4
BRF:0
BRH:0
end_of_record
TN:
SF:src/presentation/errors/invalid-param-error.ts
FN:2,InvalidParamError
FNF:1
FNH:1
FNDA:2,InvalidParamError
DA:1,1
DA:2,1
DA:3,2
DA:4,2
DA:5,2
DA:6,1
LF:6
LH:6
BRDA:2,0,0,2
BRF:1
BRH:1
end_of_record
TN:
SF:src/presentation/errors/missing-param-error.ts
FN:2,MissingParamError
FNF:1
FNH:1
FNDA:4,MissingParamError
DA:1,1
DA:2,1
DA:3,4
DA:4,4
DA:5,4
DA:6,1
LF:6
LH:6
BRDA:2,0,0,4
BRF:1
BRH:1
end_of_record
TN:
SF:src/presentation/errors/server-error.ts
FN:2,ServerError
FNF:1
FNH:1
FNDA:1,ServerError
DA:1,1
DA:2,1
DA:3,1
DA:4,1
DA:5,1
DA:6,1
DA:7,1
LF:7
LH:7
BRDA:2,0,0,1
BRF:1
BRH:1
end_of_record
TN:
SF:src/presentation/errors/unauthorized.ts
FN:2,UnauthorizedError
FNF:1
FNH:1
FNDA:2,UnauthorizedError
DA:1,1
DA:2,1
DA:3,2
DA:4,2
DA:5,2
DA:6,1
LF:6
LH:6
BRDA:2,0,0,2
BRF:1
BRH:1
end_of_record
TN:
SF:src/presentation/helpers/http-helper.ts
FN:4,badRequest
FN:11,unauthorized
FN:18,serverError
FN:24,ok
FNF:4
FNH:4
FNDA:6,badRequest
FNDA:2,unauthorized
FNDA:1,serverError
FNDA:3,ok
DA:1,1
DA:2,1
DA:3,1
DA:4,1
DA:5,6
DA:6,6
DA:7,6
DA:8,6
DA:9,6
DA:10,1
DA:11,1
DA:12,2
DA:13,2
DA:14,2
DA:15,2
DA:16,2
DA:17,1
DA:18,1
DA:19,1
DA:20,1
DA:21,1
DA:22,1
DA:23,1
DA:24,1
DA:25,3
DA:26,3
DA:27,3
DA:28,3
DA:29,3
LF:29
LH:29
BRDA:4,0,0,6
BRDA:11,1,0,2
BRDA:18,2,0,1
BRDA:24,3,0,3
BRF:4
BRH:4
end_of_record
TN:
SF:src/presentation/helpers/validators/required-field-validation.ts
FN:6,RequiredFieldValidation
FN:10,validate
FNF:2
FNH:2
FNDA:4,RequiredFieldValidation
FNDA:4,validate
DA:1,1
DA:2,1
DA:3,1
DA:4,1
DA:5,1
DA:6,1
DA:7,4
DA:8,4
DA:9,1
DA:10,1
DA:11,4
DA:12,0
DA:13,0
DA:14,4
DA:15,1
LF:15
LH:13
BRDA:6,0,0,4
BRDA:10,1,0,4
BRDA:11,2,0,0
BRF:3
BRH:2
end_of_record
TN:
SF:src/presentation/helpers/validators/validation-composite.ts
FN:5,ValidationComposite
FN:9,validate
FNF:2
FNH:2
FNDA:1,ValidationComposite
FNDA:1,validate
DA:1,1
DA:2,1
DA:3,1
DA:4,1
DA:5,1
DA:6,1
DA:7,1
DA:8,1
DA:9,1
DA:10,1
DA:11,4
DA:12,4
DA:13,0
DA:14,0
DA:15,4
DA:16,1
DA:17,1
LF:17
LH:15
BRDA:5,0,0,1
BRDA:9,1,0,1
BRDA:10,2,0,4
BRDA:12,3,0,0
BRF:4
BRH:3
end_of_record
TN:
SF:src/presentation/helpers/validators/validation.ts
FN:1,(empty-report)
FNF:1
FNH:0
FNDA:0,(empty-report)
DA:1,0
DA:2,0
DA:3,0
DA:4,0
LF:4
LH:0
BRDA:1,0,0,0
BRF:1
BRH:0
end_of_record
TN:
SF:src/presentation/protocols/controller.ts
FN:1,(empty-report)
FNF:1
FNH:0
FNDA:0,(empty-report)
DA:1,0
DA:2,0
DA:3,0
DA:4,0
DA:5,0
LF:5
LH:0
BRDA:1,0,0,0
BRF:1
BRH:0
end_of_record
TN:
SF:src/presentation/protocols/email-validator.ts
FN:1,(empty-report)
FNF:1
FNH:0
FNDA:0,(empty-report)
DA:1,0
DA:2,0
DA:3,0
LF:3
LH:0
BRDA:1,0,0,0
BRF:1
BRH:0
end_of_record
TN:
SF:src/presentation/protocols/http.ts
FN:1,(empty-report)
FNF:1
FNH:0
FNDA:0,(empty-report)
DA:1,0
DA:2,0
DA:3,0
DA:4,0
DA:5,0
DA:6,0
DA:7,0
LF:7
LH:0
BRDA:1,0,0,0
BRF:1
BRH:0
end_of_record
TN:
SF:src/presentation/protocols/index.ts
FN:1,(empty-report)
FNF:1
FNH:0
FNDA:0,(empty-report)
DA:1,0
DA:2,0
DA:3,0
LF:3
LH:0
BRDA:1,0,0,0
BRF:1
BRH:0
end_of_record
TN:
SF:src/utils/email-validator-adapter.ts
FN:4,isValid
FNF:1
FNH:1
FNDA:3,isValid
DA:1,1
DA:2,1
DA:3,1
DA:4,1
DA:5,3
DA:6,1
DA:7,1
LF:7
LH:7
BRDA:4,0,0,3
BRF:1
BRH:1
end_of_record
